<?xml version="1.0" encoding="UTF-8"?>
<testsuite xmlns:xsi="http://www.w3.org/2001/XMLSchema-instance" xsi:noNamespaceSchemaLocation="https://maven.apache.org/surefire/maven-surefire-plugin/xsd/surefire-test-report.xsd" version="3.0.2" name="com.mmcoe.test.TestAccount" time="0.069" tests="6" errors="0" skipped="0" failures="0">
  <properties>
[...]
</properties>
  <testcase name="testNegativeWithdraw" classname="com.mmcoe.test.TestAccount" time="0.029"/>
  <testcase name="testWithdraw" classname="com.mmcoe.test.TestAccount" time="0.003"/>
  <testcase name="testGetBalance" classname="com.mmcoe.test.TestAccount" time="0.002"/>
  <testcase name="testDeposit" classname="com.mmcoe.test.TestAccount" time="0.002"/>
  <testcase name="testNegativeDeposit" classname="com.mmcoe.test.TestAccount" time="0.002"/>
  <testcase name="testInvalidWithdraw" classname="com.mmcoe.test.TestAccount" time="0.001"/>
</testsuite>